<?xml version="1.0" encoding="UTF-8"?>
<!-- Generated by org.testng.reporters.JUnitReportReporter -->
<testsuite hostname="TYSS-Chandan" failures="0" tests="1" name="Testing.Testcase5" time="36.868" errors="0" timestamp="2022-10-14T15:56:24 IST" skipped="0">
  <testcase classname="Testing.Testcase5" name="testcase5" time="36.868"/>
  <system-out/>
</testsuite> <!-- Testing.Testcase5 -->
