<?xml version="1.0" encoding="UTF-8"?>
<!-- Generated by org.testng.reporters.JUnitReportReporter -->
<testsuite hostname="TYSS-Chandan" failures="0" tests="1" name="Testing.Testcase3" time="78.661" errors="0" timestamp="2022-10-13T16:35:02 IST" skipped="0">
  <testcase classname="Testing.Testcase3" name="testcase3" time="78.661"/>
  <system-out/>
</testsuite> <!-- Testing.Testcase3 -->
