<?xml version="1.0" encoding="UTF-8"?>
<!-- Generated by org.testng.reporters.JUnitReportReporter -->
<testsuite hostname="TYSS-Chandan" failures="0" tests="1" name="Testing.Testcase4" time="11.660" errors="0" timestamp="2022-10-13T16:35:55 IST" skipped="0">
  <testcase classname="Testing.Testcase4" name="testcase4" time="11.660"/>
  <system-out/>
</testsuite> <!-- Testing.Testcase4 -->
