<?xml version="1.0" encoding="UTF-8"?>
<!-- Generated by org.testng.reporters.JUnitReportReporter -->
<testsuite hostname="TYSS-Chandan" failures="0" tests="1" name="Practice.LoginPage" time="6.912" errors="0" timestamp="2023-01-21T12:09:42 IST" skipped="0">
  <testcase classname="Practice.LoginPage" name="login" time="6.912"/>
  <system-out/>
</testsuite> <!-- Practice.LoginPage -->
